<?xml version="1.0" encoding="UTF-8"?>
<testng-results skipped="0" failed="0" ignored="0" total="1" passed="1">
  <reporter-output>
  </reporter-output>
  <suite name="Default suite" duration-ms="27" started-at="2019-12-08T21:13:13Z" finished-at="2019-12-08T21:13:13Z">
    <groups>
    </groups>
    <test name="Default test" duration-ms="27" started-at="2019-12-08T21:13:13Z" finished-at="2019-12-08T21:13:13Z">
      <class name="autoscriptstestNG.AllMethodTest">
        <test-method status="PASS" signature="beforeSuite()[pri:0, instance:autoscriptstestNG.AllMethodTest@39aeed2f]" name="beforeSuite" is-config="true" duration-ms="9" started-at="2019-12-08T16:13:13Z" finished-at="2019-12-08T16:13:13Z">
          <reporter-output>
          </reporter-output>
        </test-method> <!-- beforeSuite -->
        <test-method status="PASS" signature="beforeTest()[pri:0, instance:autoscriptstestNG.AllMethodTest@39aeed2f]" name="beforeTest" is-config="true" duration-ms="0" started-at="2019-12-08T16:13:13Z" finished-at="2019-12-08T16:13:13Z">
          <reporter-output>
          </reporter-output>
        </test-method> <!-- beforeTest -->
        <test-method status="PASS" signature="beforeClass()[pri:0, instance:autoscriptstestNG.AllMethodTest@39aeed2f]" name="beforeClass" is-config="true" duration-ms="0" started-at="2019-12-08T16:13:13Z" finished-at="2019-12-08T16:13:13Z">
          <reporter-output>
          </reporter-output>
        </test-method> <!-- beforeClass -->
        <test-method status="PASS" signature="beforeMethod()[pri:0, instance:autoscriptstestNG.AllMethodTest@39aeed2f]" name="beforeMethod" is-config="true" duration-ms="1" started-at="2019-12-08T16:13:13Z" finished-at="2019-12-08T16:13:13Z">
          <reporter-output>
          </reporter-output>
        </test-method> <!-- beforeMethod -->
        <test-method status="PASS" signature="f()[pri:0, instance:autoscriptstestNG.AllMethodTest@39aeed2f]" name="f" duration-ms="7" started-at="2019-12-08T16:13:13Z" finished-at="2019-12-08T16:13:13Z">
          <reporter-output>
          </reporter-output>
        </test-method> <!-- f -->
        <test-method status="PASS" signature="afterClass()[pri:0, instance:autoscriptstestNG.AllMethodTest@39aeed2f]" name="afterClass" is-config="true" duration-ms="1" started-at="2019-12-08T16:13:13Z" finished-at="2019-12-08T16:13:13Z">
          <reporter-output>
          </reporter-output>
        </test-method> <!-- afterClass -->
        <test-method status="PASS" signature="afterMethod()[pri:0, instance:autoscriptstestNG.AllMethodTest@39aeed2f]" name="afterMethod" is-config="true" duration-ms="0" started-at="2019-12-08T16:13:13Z" finished-at="2019-12-08T16:13:13Z">
          <reporter-output>
          </reporter-output>
        </test-method> <!-- afterMethod -->
        <test-method status="PASS" signature="afterTest()[pri:0, instance:autoscriptstestNG.AllMethodTest@39aeed2f]" name="afterTest" is-config="true" duration-ms="1" started-at="2019-12-08T16:13:13Z" finished-at="2019-12-08T16:13:13Z">
          <reporter-output>
          </reporter-output>
        </test-method> <!-- afterTest -->
        <test-method status="PASS" signature="afterSuite()[pri:0, instance:autoscriptstestNG.AllMethodTest@39aeed2f]" name="afterSuite" is-config="true" duration-ms="0" started-at="2019-12-08T16:13:14Z" finished-at="2019-12-08T16:13:14Z">
          <reporter-output>
          </reporter-output>
        </test-method> <!-- afterSuite -->
      </class> <!-- autoscriptstestNG.AllMethodTest -->
    </test> <!-- Default test -->
  </suite> <!-- Default suite -->
</testng-results>
